#
# There is insufficient memory for the Java Runtime Environment to continue.
# Native memory allocation (mmap) failed to map 44564480 bytes for committing reserved memory.
# Possible reasons:
#   The system is out of physical RAM or swap space
#   In 32 bit mode, the process size limit was hit
# Possible solutions:
#   Reduce memory load on the system
#   Increase physical memory or swap space
#   Check if swap backing store is full
#   Use 64 bit Java on a 64 bit OS
#   Decrease Java heap size (-Xmx/-Xms)
#   Decrease number of Java threads
#   Decrease Java thread stack sizes (-Xss)
#   Set larger code cache with -XX:ReservedCodeCacheSize=
# This output file may be truncated or incomplete.
#
#  Out of Memory Error (os_linux.cpp:2627), pid=4367, tid=139632537749248
#
# JRE version: Java(TM) SE Runtime Environment (8.0_91-b14) (build 1.8.0_91-b14)
# Java VM: Java HotSpot(TM) 64-Bit Server VM (25.91-b14 mixed mode linux-amd64 compressed oops)
# Failed to write core dump. Core dumps have been disabled. To enable core dumping, try "ulimit -c unlimited" before starting Java again
#

---------------  T H R E A D  ---------------

Current thread (0x00007efedc078000):  VMThread [stack: 0x00007efebbbfc000,0x00007efebbcfd000] [id=4386]

Stack: [0x00007efebbbfc000,0x00007efebbcfd000],  sp=0x00007efebbcfb1e0,  free space=1020k
Native frames: (J=compiled Java code, j=interpreted, Vv=VM code, C=native code)
V  [libjvm.so+0xabc18a]  VMError::report_and_die()+0x2ba
V  [libjvm.so+0x4fafeb]  report_vm_out_of_memory(char const*, int, unsigned long, VMErrorType, char const*)+0x8b
V  [libjvm.so+0x91cbb3]  os::Linux::commit_memory_impl(char*, unsigned long, bool)+0x103
V  [libjvm.so+0x91d109]  os::pd_commit_memory(char*, unsigned long, unsigned long, bool)+0x29
V  [libjvm.so+0x91740a]  os::commit_memory(char*, unsigned long, unsigned long, bool)+0x2a
V  [libjvm.so+0x98b033]  PSVirtualSpace::expand_by(unsigned long)+0x53
V  [libjvm.so+0x97b920]  PSOldGen::expand(unsigned long)+0x170
V  [libjvm.so+0x97bb2b]  PSOldGen::resize(unsigned long)+0x1cb
V  [libjvm.so+0x983801]  PSParallelCompact::invoke_no_policy(bool)+0x991
V  [libjvm.so+0x98915d]  PSScavenge::invoke()+0x1ad
V  [libjvm.so+0x9408b0]  ParallelScavengeHeap::failed_mem_allocate(unsigned long)+0x70
V  [libjvm.so+0xabdba7]  VM_ParallelGCFailedAllocation::doit()+0x97
V  [libjvm.so+0xac55d5]  VM_Operation::evaluate()+0x55
V  [libjvm.so+0xac39aa]  VMThread::evaluate_operation(VM_Operation*)+0xba
V  [libjvm.so+0xac3d2e]  VMThread::loop()+0x1ce
V  [libjvm.so+0xac41a0]  VMThread::run()+0x70
V  [libjvm.so+0x91ef78]  java_start(Thread*)+0x108

VM_Operation (0x00007efee23d1370): ParallelGCFailedAllocation, mode: safepoint, requested by thread 0x00007efedc00a000


---------------  P R O C E S S  ---------------

Java Threads: ( => current thread )
  0x00007efedc145800 JavaThread "pool-2-thread-4" [_thread_blocked, id=4423, stack(0x00007efeba69d000,0x00007efeba79e000)]
  0x00007efedc144800 JavaThread "pool-2-thread-3" [_thread_blocked, id=4422, stack(0x00007efeba79e000,0x00007efeba89f000)]
  0x00007efedc141000 JavaThread "pool-2-thread-2" [_thread_blocked, id=4421, stack(0x00007efeba89f000,0x00007efeba9a0000)]
  0x00007efedc13b800 JavaThread "pool-3-thread-1" [_thread_blocked, id=4420, stack(0x00007efeba9a0000,0x00007efebaaa1000)]
  0x00007efedc13a000 JavaThread "pool-2-thread-1" [_thread_blocked, id=4419, stack(0x00007efebaaa1000,0x00007efebaba2000)]
  0x00007efedc0c1000 JavaThread "Service Thread" daemon [_thread_blocked, id=4403, stack(0x00007efebaca3000,0x00007efebada4000)]
  0x00007efedc0be000 JavaThread "C1 CompilerThread2" daemon [_thread_blocked, id=4402, stack(0x00007efebada4000,0x00007efebaea5000)]
  0x00007efedc0bc800 JavaThread "C2 CompilerThread1" daemon [_thread_blocked, id=4401, stack(0x00007efebaea5000,0x00007efebafa6000)]
  0x00007efedc0b9800 JavaThread "C2 CompilerThread0" daemon [_thread_blocked, id=4400, stack(0x00007efebafa6000,0x00007efebb0a7000)]
  0x00007efedc0b8000 JavaThread "Signal Dispatcher" daemon [_thread_blocked, id=4399, stack(0x00007efebb0a7000,0x00007efebb1a8000)]
  0x00007efedc084000 JavaThread "Finalizer" daemon [_thread_blocked, id=4391, stack(0x00007efebb9fa000,0x00007efebbafb000)]
  0x00007efedc07f800 JavaThread "Reference Handler" daemon [_thread_blocked, id=4387, stack(0x00007efebbafb000,0x00007efebbbfc000)]
  0x00007efedc00a000 JavaThread "main" [_thread_blocked, id=4372, stack(0x00007efee22d3000,0x00007efee23d4000)]

Other Threads:
=>0x00007efedc078000 VMThread [stack: 0x00007efebbbfc000,0x00007efebbcfd000] [id=4386]
  0x00007efedc0c4000 WatcherThread [stack: 0x00007efebaba2000,0x00007efebaca3000] [id=4404]

VM state:at safepoint (normal execution)

VM Mutex/Monitor currently owned by a thread:  ([mutex/lock_event])
[0x00007efedc005fd0] ExpandHeap_lock - owner thread: 0x00007efedc078000
[0x00007efedc006650] Threads_lock - owner thread: 0x00007efedc078000
[0x00007efedc006b50] Heap_lock - owner thread: 0x00007efedc00a000

Heap:
 PSYoungGen      total 223232K, used 0K [0x00000000eab00000, 0x0000000100000000, 0x0000000100000000)
  eden space 116736K, 0% used [0x00000000eab00000,0x00000000eab00000,0x00000000f1d00000)
  from space 106496K, 0% used [0x00000000f9800000,0x00000000f9800000,0x0000000100000000)
  to   space 116224K, 0% used [0x00000000f1d00000,0x00000000f1d00000,0x00000000f8e80000)
 ParOldGen       total 248320K, used 134639K [0x00000000c0000000, 0x00000000cf280000, 0x00000000eab00000)
  object space 248320K, 54% used [0x00000000c0000000,0x00000000c837bfe8,0x00000000cf280000)
 Metaspace       used 6421K, capacity 7192K, committed 7424K, reserved 1056768K
  class space    used 610K, capacity 656K, committed 768K, reserved 1048576K

Card table byte_map: [0x00007efecbdbd000,0x00007efecbfbe000] byte_map_base: 0x00007efecb7bd000

Marking Bits: (ParMarkBitMap*) 0x00007efee17a9d60
 Begin Bits: [0x00007efec9863000, 0x00007efeca863000)
 End Bits:   [0x00007efeca863000, 0x00007efecb863000)

Polling page: 0x00007efee23f2000

CodeCache: size=245760Kb used=8852Kb max_used=8876Kb free=236907Kb
 bounds [0x00007efecc37e000, 0x00007efeccc3e000, 0x00007efedb37e000]
 total_blobs=2381 nmethods=2113 adapters=181
 compilation: enabled

Compilation events (10 events):
Event: 10,766 Thread 0x00007efedc0be000 2259   !   2       com.android.dx.cf.attrib.AttExceptions::<init> (45 bytes)
Event: 10,766 Thread 0x00007efedc0be000 nmethod 2259 0x00007efeccbfe610 code [0x00007efeccbfe7a0, 0x00007efeccbfeae8]
Event: 10,766 Thread 0x00007efedc0be000 2260       2       com.android.dx.cf.attrib.AttExceptions::byteLength (15 bytes)
Event: 10,766 Thread 0x00007efedc0be000 nmethod 2260 0x00007efeccbfe290 code [0x00007efeccbfe400, 0x00007efeccbfe588]
Event: 10,796 Thread 0x00007efedc0b9800 nmethod 2226% 0x00007efeccc2b690 code [0x00007efeccc2ba80, 0x00007efeccc2f738]
Event: 10,831 Thread 0x00007efedc0b9800 2250 %     4       com.android.dx.ssa.Dominators::run @ 89 (506 bytes)
Event: 10,920 Thread 0x00007efedc0be000 2263       2       com.android.dx.cf.code.Ropper$CatchInfo::<init> (6 bytes)
Event: 10,920 Thread 0x00007efedc0be000 nmethod 2263 0x00007efeccbfde90 code [0x00007efeccbfe000, 0x00007efeccbfe1d0]
Event: 10,920 Thread 0x00007efedc0be000 2264       2       com.android.dx.cf.code.Ropper$CatchInfo::<init> (21 bytes)
Event: 10,921 Thread 0x00007efedc0be000 nmethod 2264 0x00007efeccbfda90 code [0x00007efeccbfdc00, 0x00007efeccbfddd0]

GC Heap History (10 events):
Event: 8,569 GC heap after
Heap after GC invocations=8 (full 1):
 PSYoungGen      total 273408K, used 47081K [0x00000000eab00000, 0x0000000100000000, 0x0000000100000000)
  eden space 226304K, 0% used [0x00000000eab00000,0x00000000eab00000,0x00000000f8800000)
  from space 47104K, 99% used [0x00000000f8800000,0x00000000fb5fa7b8,0x00000000fb600000)
  to   space 75776K, 0% used [0x00000000fb600000,0x00000000fb600000,0x0000000100000000)
 ParOldGen       total 142336K, used 124575K [0x00000000c0000000, 0x00000000c8b00000, 0x00000000eab00000)
  object space 142336K, 87% used [0x00000000c0000000,0x00000000c79a7ec8,0x00000000c8b00000)
 Metaspace       used 6403K, capacity 7192K, committed 7424K, reserved 1056768K
  class space    used 610K, capacity 656K, committed 768K, reserved 1048576K
}
Event: 8,569 GC heap before
{Heap before GC invocations=9 (full 2):
 PSYoungGen      total 273408K, used 47081K [0x00000000eab00000, 0x0000000100000000, 0x0000000100000000)
  eden space 226304K, 0% used [0x00000000eab00000,0x00000000eab00000,0x00000000f8800000)
  from space 47104K, 99% used [0x00000000f8800000,0x00000000fb5fa7b8,0x00000000fb600000)
  to   space 75776K, 0% used [0x00000000fb600000,0x00000000fb600000,0x0000000100000000)
 ParOldGen       total 142336K, used 124575K [0x00000000c0000000, 0x00000000c8b00000, 0x00000000eab00000)
  object space 142336K, 87% used [0x00000000c0000000,0x00000000c79a7ec8,0x00000000c8b00000)
 Metaspace       used 6403K, capacity 7192K, committed 7424K, reserved 1056768K
  class space    used 610K, capacity 656K, committed 768K, reserved 1048576K
Event: 9,152 GC heap after
Heap after GC invocations=9 (full 2):
 PSYoungGen      total 273408K, used 0K [0x00000000eab00000, 0x0000000100000000, 0x0000000100000000)
  eden space 226304K, 0% used [0x00000000eab00000,0x00000000eab00000,0x00000000f8800000)
  from space 47104K, 0% used [0x00000000f8800000,0x00000000f8800000,0x00000000fb600000)
  to   space 75776K, 0% used [0x00000000fb600000,0x00000000fb600000,0x0000000100000000)
 ParOldGen       total 248320K, used 128215K [0x00000000c0000000, 0x00000000cf280000, 0x00000000eab00000)
  object space 248320K, 51% used [0x00000000c0000000,0x00000000c7d35e68,0x00000000cf280000)
 Metaspace       used 6403K, capacity 7192K, committed 7424K, reserved 1056768K
  class space    used 610K, capacity 656K, committed 768K, reserved 1048576K
}
Event: 9,557 GC heap before
{Heap before GC invocations=10 (full 2):
 PSYoungGen      total 273408K, used 226304K [0x00000000eab00000, 0x0000000100000000, 0x0000000100000000)
  eden space 226304K, 100% used [0x00000000eab00000,0x00000000f8800000,0x00000000f8800000)
  from space 47104K, 0% used [0x00000000f8800000,0x00000000f8800000,0x00000000fb600000)
  to   space 75776K, 0% used [0x00000000fb600000,0x00000000fb600000,0x0000000100000000)
 ParOldGen       total 248320K, used 128215K [0x00000000c0000000, 0x00000000cf280000, 0x00000000eab00000)
  object space 248320K, 51% used [0x00000000c0000000,0x00000000c7d35e68,0x00000000cf280000)
 Metaspace       used 6410K, capacity 7192K, committed 7424K, reserved 1056768K
  class space    used 610K, capacity 656K, committed 768K, reserved 1048576K
Event: 9,701 GC heap after
Heap after GC invocations=10 (full 2):
 PSYoungGen      total 211968K, used 75772K [0x00000000eab00000, 0x0000000100000000, 0x0000000100000000)
  eden space 136192K, 0% used [0x00000000eab00000,0x00000000eab00000,0x00000000f3000000)
  from space 75776K, 99% used [0x00000000fb600000,0x00000000fffff340,0x0000000100000000)
  to   space 106496K, 0% used [0x00000000f3000000,0x00000000f3000000,0x00000000f9800000)
 ParOldGen       total 248320K, used 141179K [0x00000000c0000000, 0x00000000cf280000, 0x00000000eab00000)
  object space 248320K, 56% used [0x00000000c0000000,0x00000000c89defa0,0x00000000cf280000)
 Metaspace       used 6410K, capacity 7192K, committed 7424K, reserved 1056768K
  class space    used 610K, capacity 656K, committed 768K, reserved 1048576K
}
Event: 10,228 GC heap before
{Heap before GC invocations=11 (full 2):
 PSYoungGen      total 211968K, used 211964K [0x00000000eab00000, 0x0000000100000000, 0x0000000100000000)
  eden space 136192K, 100% used [0x00000000eab00000,0x00000000f3000000,0x00000000f3000000)
  from space 75776K, 99% used [0x00000000fb600000,0x00000000fffff340,0x0000000100000000)
  to   space 106496K, 0% used [0x00000000f3000000,0x00000000f3000000,0x00000000f9800000)
 ParOldGen       total 248320K, used 141179K [0x00000000c0000000, 0x00000000cf280000, 0x00000000eab00000)
  object space 248320K, 56% used [0x00000000c0000000,0x00000000c89defa0,0x00000000cf280000)
 Metaspace       used 6417K, capacity 7192K, committed 7424K, reserved 1056768K
  class space    used 610K, capacity 656K, committed 768K, reserved 1048576K
Event: 10,385 GC heap after
Heap after GC invocations=11 (full 2):
 PSYoungGen      total 242688K, used 106471K [0x00000000eab00000, 0x0000000100000000, 0x0000000100000000)
  eden space 136192K, 0% used [0x00000000eab00000,0x00000000eab00000,0x00000000f3000000)
  from space 106496K, 99% used [0x00000000f3000000,0x00000000f97f9e00,0x00000000f9800000)
  to   space 106496K, 0% used [0x00000000f9800000,0x00000000f9800000,0x0000000100000000)
 ParOldGen       total 248320K, used 142510K [0x00000000c0000000, 0x00000000cf280000, 0x00000000eab00000)
  object space 248320K, 57% used [0x00000000c0000000,0x00000000c8b2ba80,0x00000000cf280000)
 Metaspace       used 6417K, capacity 7192K, committed 7424K, reserved 1056768K
  class space    used 610K, capacity 656K, committed 768K, reserved 1048576K
}
Event: 10,972 GC heap before
{Heap before GC invocations=12 (full 2):
 PSYoungGen      total 242688K, used 242663K [0x00000000eab00000, 0x0000000100000000, 0x0000000100000000)
  eden space 136192K, 100% used [0x00000000eab00000,0x00000000f3000000,0x00000000f3000000)
  from space 106496K, 99% used [0x00000000f3000000,0x00000000f97f9e00,0x00000000f9800000)
  to   space 106496K, 0% used [0x00000000f9800000,0x00000000f9800000,0x0000000100000000)
 ParOldGen       total 248320K, used 142510K [0x00000000c0000000, 0x00000000cf280000, 0x00000000eab00000)
  object space 248320K, 57% used [0x00000000c0000000,0x00000000c8b2ba80,0x00000000cf280000)
 Metaspace       used 6421K, capacity 7192K, committed 7424K, reserved 1056768K
  class space    used 610K, capacity 656K, committed 768K, reserved 1048576K
Event: 11,160 GC heap after
Heap after GC invocations=12 (full 2):
 PSYoungGen      total 223232K, used 92040K [0x00000000eab00000, 0x0000000100000000, 0x0000000100000000)
  eden space 116736K, 0% used [0x00000000eab00000,0x00000000eab00000,0x00000000f1d00000)
  from space 106496K, 86% used [0x00000000f9800000,0x00000000ff1e2050,0x0000000100000000)
  to   space 116224K, 0% used [0x00000000f1d00000,0x00000000f1d00000,0x00000000f8e80000)
 ParOldGen       total 248320K, used 214849K [0x00000000c0000000, 0x00000000cf280000, 0x00000000eab00000)
  object space 248320K, 86% used [0x00000000c0000000,0x00000000cd1d0790,0x00000000cf280000)
 Metaspace       used 6421K, capacity 7192K, committed 7424K, reserved 1056768K
  class space    used 610K, capacity 656K, committed 768K, reserved 1048576K
}
Event: 12,042 GC heap before
{Heap before GC invocations=13 (full 3):
 PSYoungGen      total 223232K, used 92040K [0x00000000eab00000, 0x0000000100000000, 0x0000000100000000)
  eden space 116736K, 0% used [0x00000000eab00000,0x00000000eab00000,0x00000000f1d00000)
  from space 106496K, 86% used [0x00000000f9800000,0x00000000ff1e2050,0x0000000100000000)
  to   space 116224K, 0% used [0x00000000f1d00000,0x00000000f1d00000,0x00000000f8e80000)
 ParOldGen       total 248320K, used 214849K [0x00000000c0000000, 0x00000000cf280000, 0x00000000eab00000)
  object space 248320K, 86% used [0x00000000c0000000,0x00000000cd1d0790,0x00000000cf280000)
 Metaspace       used 6421K, capacity 7192K, committed 7424K, reserved 1056768K
  class space    used 610K, capacity 656K, committed 768K, reserved 1048576K

Deoptimization events (10 events):
Event: 5,736 Thread 0x00007efedc00a000 Uncommon trap: reason=unstable_if action=reinterpret pc=0x00007efecc8793e4 method=java.util.HashMap.putVal(ILjava/lang/Object;Ljava/lang/Object;ZZ)Ljava/lang/Object; @ 109
Event: 5,764 Thread 0x00007efedc00a000 Uncommon trap: reason=unstable_if action=reinterpret pc=0x00007efecc85573c method=com.android.dx.ssa.SCCP.simulateStmt(Lcom/android/dx/ssa/SsaInsn;)V @ 59
Event: 5,932 Thread 0x00007efedc00a000 Uncommon trap: reason=bimorphic action=maybe_recompile pc=0x00007efecc8e7b84 method=com.android.dx.cf.code.BytecodeArray.parseInstruction(ILcom/android/dx/cf/code/BytecodeArray$Visitor;)I @ 1357
Event: 5,937 Thread 0x00007efedc00a000 Uncommon trap: reason=bimorphic action=maybe_recompile pc=0x00007efecc8e7b84 method=com.android.dx.cf.code.BytecodeArray.parseInstruction(ILcom/android/dx/cf/code/BytecodeArray$Visitor;)I @ 1357
Event: 7,202 Thread 0x00007efedc00a000 Uncommon trap: reason=bimorphic action=maybe_recompile pc=0x00007efecc8e6b48 method=com.android.dx.cf.code.BytecodeArray.parseInstruction(ILcom/android/dx/cf/code/BytecodeArray$Visitor;)I @ 1501
Event: 7,203 Thread 0x00007efedc00a000 Uncommon trap: reason=bimorphic action=maybe_recompile pc=0x00007efecc8e6b48 method=com.android.dx.cf.code.BytecodeArray.parseInstruction(ILcom/android/dx/cf/code/BytecodeArray$Visitor;)I @ 1501
Event: 7,285 Thread 0x00007efedc00a000 Uncommon trap: reason=unstable_if action=reinterpret pc=0x00007efecc66d980 method=java.util.HashMap.getNode(ILjava/lang/Object;)Ljava/util/HashMap$Node; @ 84
Event: 7,645 Thread 0x00007efedc00a000 Uncommon trap: reason=unstable_if action=reinterpret pc=0x00007efecc91a950 method=java.util.HashMap.putVal(ILjava/lang/Object;Ljava/lang/Object;ZZ)Ljava/lang/Object; @ 109
Event: 9,786 Thread 0x00007efedc00a000 Uncommon trap: reason=unstable_if action=reinterpret pc=0x00007efecc8fe234 method=java.util.HashMap.putVal(ILjava/lang/Object;Ljava/lang/Object;ZZ)Ljava/lang/Object; @ 109
Event: 10,397 Thread 0x00007efedc00a000 Uncommon trap: reason=unstable_if action=reinterpret pc=0x00007efecc8bcd00 method=com.android.dx.ssa.MoveParamCombiner$1.visitNonMoveInsn(Lcom/android/dx/ssa/NormalSsaInsn;)V @ 27

Internal exceptions (6 events):
Event: 0,066 Thread 0x00007efedc00a000 Exception <a 'java/lang/NoSuchMethodError': Method sun.misc.Unsafe.defineClass(Ljava/lang/String;[BII)Ljava/lang/Class; name or signature does not match> (0x00000000eab07cc0) thrown at [/HUDSON/workspace/8-2-build-linux-amd64/jdk8u91/6644/hotspot/src/shar
Event: 0,066 Thread 0x00007efedc00a000 Exception <a 'java/lang/NoSuchMethodError': Method sun.misc.Unsafe.prefetchRead(Ljava/lang/Object;J)V name or signature does not match> (0x00000000eab07fa8) thrown at [/HUDSON/workspace/8-2-build-linux-amd64/jdk8u91/6644/hotspot/src/share/vm/prims/jni.cpp
Event: 1,140 Thread 0x00007efedc141000 Implicit null exception at 0x00007efecc5fb3a2 to 0x00007efecc5fb493
Event: 2,708 Thread 0x00007efedc141000 Exception <a 'java/lang/ArrayIndexOutOfBoundsException': 18> (0x00000000ed431480) thrown at [/HUDSON/workspace/8-2-build-linux-amd64/jdk8u91/6644/hotspot/src/share/vm/interpreter/interpreterRuntime.cpp, line 366]
Event: 2,708 Thread 0x00007efedc141000 Exception <a 'java/lang/ArrayIndexOutOfBoundsException': 145> (0x00000000ed433000) thrown at [/HUDSON/workspace/8-2-build-linux-amd64/jdk8u91/6644/hotspot/src/share/vm/interpreter/interpreterRuntime.cpp, line 366]
Event: 2,708 Thread 0x00007efedc141000 Exception <a 'java/lang/ArrayIndexOutOfBoundsException': 40> (0x00000000ed4342e8) thrown at [/HUDSON/workspace/8-2-build-linux-amd64/jdk8u91/6644/hotspot/src/share/vm/interpreter/interpreterRuntime.cpp, line 366]

Events (10 events):
Event: 10,575 Thread 0x00007efedc145800 DEOPT UNPACKING pc=0x00007efecc3c5633 sp=0x00007efeba79bb00 mode 0
Event: 10,708 Thread 0x00007efedc145800 DEOPT PACKING pc=0x00007efecc776742 sp=0x00007efeba79bea0
Event: 10,708 Thread 0x00007efedc145800 DEOPT UNPACKING pc=0x00007efecc3c5633 sp=0x00007efeba79bbe0 mode 0
Event: 10,729 Thread 0x00007efedc00a000 DEOPT PACKING pc=0x00007efecc85f5de sp=0x00007efee23d1430
Event: 10,729 Thread 0x00007efedc00a000 DEOPT UNPACKING pc=0x00007efecc3c5633 sp=0x00007efee23d1290 mode 0
Event: 10,822 Thread 0x00007efedc141000 DEOPT PACKING pc=0x00007efecc85f5de sp=0x00007efeba99dd20
Event: 10,822 Thread 0x00007efedc141000 DEOPT UNPACKING pc=0x00007efecc3c5633 sp=0x00007efeba99db80 mode 0
Event: 10,833 Thread 0x00007efedc141000 DEOPT PACKING pc=0x00007efecc94e801 sp=0x00007efeba99e020
Event: 10,833 Thread 0x00007efedc141000 DEOPT UNPACKING pc=0x00007efecc3c5633 sp=0x00007efeba99de70 mode 0
Event: 10,935 Executing VM operation: ParallelGCFailedAllocation


Dynamic libraries:
00400000-00401000 r-xp 00000000 08:05 3943519                            /usr/lib/jvm/java-8-oracle/bin/java
00600000-00601000 rw-p 00000000 08:05 3943519                            /usr/lib/jvm/java-8-oracle/bin/java
010bf000-010e0000 rw-p 00000000 00:00 0                                  [heap]
c0000000-cf280000 rw-p 00000000 00:00 0 
d1d00000-eab00000 ---p 00000000 00:00 0 
eab00000-100000000 rw-p 00000000 00:00 0 
100000000-1000c0000 rw-p 00000000 00:00 0 
1000c0000-140000000 ---p 00000000 00:00 0 
7efe78000000-7efe78021000 rw-p 00000000 00:00 0 
7efe78021000-7efe7c000000 ---p 00000000 00:00 0 
7efe80000000-7efe80059000 rw-p 00000000 00:00 0 
7efe80059000-7efe84000000 ---p 00000000 00:00 0 
7efe84000000-7efe84021000 rw-p 00000000 00:00 0 
7efe84021000-7efe88000000 ---p 00000000 00:00 0 
7efe88000000-7efe88044000 rw-p 00000000 00:00 0 
7efe88044000-7efe8c000000 ---p 00000000 00:00 0 
7efe8c000000-7efe8c021000 rw-p 00000000 00:00 0 
7efe8c021000-7efe90000000 ---p 00000000 00:00 0 
7efe90000000-7efe90021000 rw-p 00000000 00:00 0 
7efe90021000-7efe94000000 ---p 00000000 00:00 0 
7efe94000000-7efe94021000 rw-p 00000000 00:00 0 
7efe94021000-7efe98000000 ---p 00000000 00:00 0 
7efe98000000-7efe998b5000 rw-p 00000000 00:00 0 
7efe998b5000-7efe9c000000 ---p 00000000 00:00 0 
7efe9c000000-7efe9c884000 rw-p 00000000 00:00 0 
7efe9c884000-7efea0000000 ---p 00000000 00:00 0 
7efea0000000-7efea0021000 rw-p 00000000 00:00 0 
7efea0021000-7efea4000000 ---p 00000000 00:00 0 
7efea4000000-7efea5050000 rw-p 00000000 00:00 0 
7efea5050000-7efea8000000 ---p 00000000 00:00 0 
7efea8000000-7efea8021000 rw-p 00000000 00:00 0 
7efea8021000-7efeac000000 ---p 00000000 00:00 0 
7efeac000000-7efeac021000 rw-p 00000000 00:00 0 
7efeac021000-7efeb0000000 ---p 00000000 00:00 0 
7efeb0000000-7efeb02c0000 rw-p 00000000 00:00 0 
7efeb02c0000-7efeb4000000 ---p 00000000 00:00 0 
7efeb4000000-7efeb4021000 rw-p 00000000 00:00 0 
7efeb4021000-7efeb8000000 ---p 00000000 00:00 0 
7efeba69d000-7efeba6a0000 ---p 00000000 00:00 0 
7efeba6a0000-7efeba79e000 rw-p 00000000 00:00 0 
7efeba79e000-7efeba7a1000 ---p 00000000 00:00 0 
7efeba7a1000-7efeba89f000 rw-p 00000000 00:00 0 
7efeba89f000-7efeba8a2000 ---p 00000000 00:00 0 
7efeba8a2000-7efeba9a0000 rw-p 00000000 00:00 0 
7efeba9a0000-7efeba9a3000 ---p 00000000 00:00 0 
7efeba9a3000-7efebaaa1000 rw-p 00000000 00:00 0 
7efebaaa1000-7efebaaa4000 ---p 00000000 00:00 0 
7efebaaa4000-7efebaba2000 rw-p 00000000 00:00 0 
7efebaba2000-7efebaba3000 ---p 00000000 00:00 0 
7efebaba3000-7efebaca3000 rw-p 00000000 00:00 0 
7efebaca3000-7efebaca6000 ---p 00000000 00:00 0 
7efebaca6000-7efebada4000 rw-p 00000000 00:00 0 
7efebada4000-7efebada7000 ---p 00000000 00:00 0 
7efebada7000-7efebaea5000 rw-p 00000000 00:00 0 
7efebaea5000-7efebaea8000 ---p 00000000 00:00 0 
7efebaea8000-7efebafa6000 rw-p 00000000 00:00 0 
7efebafa6000-7efebafa9000 ---p 00000000 00:00 0 
7efebafa9000-7efebb0a7000 rw-p 00000000 00:00 0 
7efebb0a7000-7efebb0aa000 ---p 00000000 00:00 0 
7efebb0aa000-7efebb1a8000 rw-p 00000000 00:00 0 
7efebb1a8000-7efebb9fa000 r--p 00000000 08:05 3939336                    /usr/lib/locale/locale-archive
7efebb9fa000-7efebb9fd000 ---p 00000000 00:00 0 
7efebb9fd000-7efebbafb000 rw-p 00000000 00:00 0 
7efebbafb000-7efebbafe000 ---p 00000000 00:00 0 
7efebbafe000-7efebbbfc000 rw-p 00000000 00:00 0 
7efebbbfc000-7efebbbfd000 ---p 00000000 00:00 0 
7efebbbfd000-7efebc000000 rw-p 00000000 00:00 0 
7efebc000000-7efebc021000 rw-p 00000000 00:00 0 
7efebc021000-7efec0000000 ---p 00000000 00:00 0 
7efec0000000-7efec0021000 rw-p 00000000 00:00 0 
7efec0021000-7efec4000000 ---p 00000000 00:00 0 
7efec4000000-7efec4021000 rw-p 00000000 00:00 0 
7efec4021000-7efec8000000 ---p 00000000 00:00 0 
7efec801b000-7efec8c8a000 rw-p 00000000 00:00 0 
7efec8c8a000-7efec8e63000 r--s 03d1f000 08:05 3943776                    /usr/lib/jvm/java-8-oracle/jre/lib/rt.jar
7efec8e63000-7efec94e3000 rw-p 00000000 00:00 0 
7efec94e3000-7efec9663000 ---p 00000000 00:00 0 
7efec9663000-7efecb863000 rw-p 00000000 00:00 0 
7efecb863000-7efecb864000 ---p 00000000 00:00 0 
7efecb864000-7efecb964000 rw-p 00000000 00:00 0 
7efecb964000-7efecb965000 ---p 00000000 00:00 0 
7efecb965000-7efecba65000 rw-p 00000000 00:00 0 
7efecba65000-7efecba66000 ---p 00000000 00:00 0 
7efecba66000-7efecbb66000 rw-p 00000000 00:00 0 
7efecbb66000-7efecbb67000 ---p 00000000 00:00 0 
7efecbb67000-7efecbce1000 rw-p 00000000 00:00 0 
7efecbce1000-7efecbdbd000 ---p 00000000 00:00 0 
7efecbdbd000-7efecbe37000 rw-p 00000000 00:00 0 
7efecbe37000-7efecbf12000 ---p 00000000 00:00 0 
7efecbf12000-7efecbfbd000 rw-p 00000000 00:00 0 
7efecbfbd000-7efecbfe1000 rw-p 00000000 00:00 0 
7efecbfe1000-7efecc37e000 ---p 00000000 00:00 0 
7efecc37e000-7efeccc3e000 rwxp 00000000 00:00 0 
7efeccc3e000-7efedb37e000 ---p 00000000 00:00 0 
7efedb37e000-7efedb398000 r-xp 00000000 08:05 3943792                    /usr/lib/jvm/java-8-oracle/jre/lib/amd64/libzip.so
7efedb398000-7efedb598000 ---p 0001a000 08:05 3943792                    /usr/lib/jvm/java-8-oracle/jre/lib/amd64/libzip.so
7efedb598000-7efedb599000 rw-p 0001a000 08:05 3943792                    /usr/lib/jvm/java-8-oracle/jre/lib/amd64/libzip.so
7efedb599000-7efedb5a3000 r-xp 00000000 08:05 1310823                    /lib/x86_64-linux-gnu/libnss_files-2.19.so
7efedb5a3000-7efedb7a2000 ---p 0000a000 08:05 1310823                    /lib/x86_64-linux-gnu/libnss_files-2.19.so
7efedb7a2000-7efedb7a3000 r--p 00009000 08:05 1310823                    /lib/x86_64-linux-gnu/libnss_files-2.19.so
7efedb7a3000-7efedb7a4000 rw-p 0000a000 08:05 1310823                    /lib/x86_64-linux-gnu/libnss_files-2.19.so
7efedb7a4000-7efedb7af000 r-xp 00000000 08:05 1310815                    /lib/x86_64-linux-gnu/libnss_nis-2.19.so
7efedb7af000-7efedb9ae000 ---p 0000b000 08:05 1310815                    /lib/x86_64-linux-gnu/libnss_nis-2.19.so
7efedb9ae000-7efedb9af000 r--p 0000a000 08:05 1310815                    /lib/x86_64-linux-gnu/libnss_nis-2.19.so
7efedb9af000-7efedb9b0000 rw-p 0000b000 08:05 1310815                    /lib/x86_64-linux-gnu/libnss_nis-2.19.so
7efedb9b0000-7efedb9c7000 r-xp 00000000 08:05 1310811                    /lib/x86_64-linux-gnu/libnsl-2.19.so
7efedb9c7000-7efedbbc6000 ---p 00017000 08:05 1310811                    /lib/x86_64-linux-gnu/libnsl-2.19.so
7efedbbc6000-7efedbbc7000 r--p 00016000 08:05 1310811                    /lib/x86_64-linux-gnu/libnsl-2.19.so
7efedbbc7000-7efedbbc8000 rw-p 00017000 08:05 1310811                    /lib/x86_64-linux-gnu/libnsl-2.19.so
7efedbbc8000-7efedbbca000 rw-p 00000000 00:00 0 
7efedbbca000-7efedbbd3000 r-xp 00000000 08:05 1310810                    /lib/x86_64-linux-gnu/libnss_compat-2.19.so
7efedbbd3000-7efedbdd2000 ---p 00009000 08:05 1310810                    /lib/x86_64-linux-gnu/libnss_compat-2.19.so
7efedbdd2000-7efedbdd3000 r--p 00008000 08:05 1310810                    /lib/x86_64-linux-gnu/libnss_compat-2.19.so
7efedbdd3000-7efedbdd4000 rw-p 00009000 08:05 1310810                    /lib/x86_64-linux-gnu/libnss_compat-2.19.so
7efedbdd4000-7efedbdfe000 r-xp 00000000 08:05 3943803                    /usr/lib/jvm/java-8-oracle/jre/lib/amd64/libjava.so
7efedbdfe000-7efedbffe000 ---p 0002a000 08:05 3943803                    /usr/lib/jvm/java-8-oracle/jre/lib/amd64/libjava.so
7efedbffe000-7efedc000000 rw-p 0002a000 08:05 3943803                    /usr/lib/jvm/java-8-oracle/jre/lib/amd64/libjava.so
7efedc000000-7efedc390000 rw-p 00000000 00:00 0 
7efedc390000-7efee0000000 ---p 00000000 00:00 0 
7efee0000000-7efee0011000 r--s 000bf000 08:05 934870                     /home/nganguyent/Documents/android/Example/GoogleChat/friendlychat-master/android-start/app/build/intermediates/exploded-aar/com.google.android.gms/play-services-ads/9.0.0/jars/classes.jar
7efee0011000-7efee00d6000 rw-p 00000000 00:00 0 
7efee00d6000-7efee00e3000 r-xp 00000000 08:05 3943838                    /usr/lib/jvm/java-8-oracle/jre/lib/amd64/libverify.so
7efee00e3000-7efee02e3000 ---p 0000d000 08:05 3943838                    /usr/lib/jvm/java-8-oracle/jre/lib/amd64/libverify.so
7efee02e3000-7efee02e5000 rw-p 0000d000 08:05 3943838                    /usr/lib/jvm/java-8-oracle/jre/lib/amd64/libverify.so
7efee02e5000-7efee02ec000 r-xp 00000000 08:05 1310819                    /lib/x86_64-linux-gnu/librt-2.19.so
7efee02ec000-7efee04eb000 ---p 00007000 08:05 1310819                    /lib/x86_64-linux-gnu/librt-2.19.so
7efee04eb000-7efee04ec000 r--p 00006000 08:05 1310819                    /lib/x86_64-linux-gnu/librt-2.19.so
7efee04ec000-7efee04ed000 rw-p 00007000 08:05 1310819                    /lib/x86_64-linux-gnu/librt-2.19.so
7efee04ed000-7efee05f2000 r-xp 00000000 08:05 1310739                    /lib/x86_64-linux-gnu/libm-2.19.so
7efee05f2000-7efee07f1000 ---p 00105000 08:05 1310739                    /lib/x86_64-linux-gnu/libm-2.19.so
7efee07f1000-7efee07f2000 r--p 00104000 08:05 1310739                    /lib/x86_64-linux-gnu/libm-2.19.so
7efee07f2000-7efee07f3000 rw-p 00105000 08:05 1310739                    /lib/x86_64-linux-gnu/libm-2.19.so
7efee07f3000-7efee14b3000 r-xp 00000000 08:05 3943821                    /usr/lib/jvm/java-8-oracle/jre/lib/amd64/server/libjvm.so
7efee14b3000-7efee16b3000 ---p 00cc0000 08:05 3943821                    /usr/lib/jvm/java-8-oracle/jre/lib/amd64/server/libjvm.so
7efee16b3000-7efee178b000 rw-p 00cc0000 08:05 3943821                    /usr/lib/jvm/java-8-oracle/jre/lib/amd64/server/libjvm.so
7efee178b000-7efee17d6000 rw-p 00000000 00:00 0 
7efee17d6000-7efee1990000 r-xp 00000000 08:05 1310820                    /lib/x86_64-linux-gnu/libc-2.19.so
7efee1990000-7efee1b90000 ---p 001ba000 08:05 1310820                    /lib/x86_64-linux-gnu/libc-2.19.so
7efee1b90000-7efee1b94000 r--p 001ba000 08:05 1310820                    /lib/x86_64-linux-gnu/libc-2.19.so
7efee1b94000-7efee1b96000 rw-p 001be000 08:05 1310820                    /lib/x86_64-linux-gnu/libc-2.19.so
7efee1b96000-7efee1b9b000 rw-p 00000000 00:00 0 
7efee1b9b000-7efee1b9e000 r-xp 00000000 08:05 1310749                    /lib/x86_64-linux-gnu/libdl-2.19.so
7efee1b9e000-7efee1d9d000 ---p 00003000 08:05 1310749                    /lib/x86_64-linux-gnu/libdl-2.19.so
7efee1d9d000-7efee1d9e000 r--p 00002000 08:05 1310749                    /lib/x86_64-linux-gnu/libdl-2.19.so
7efee1d9e000-7efee1d9f000 rw-p 00003000 08:05 1310749                    /lib/x86_64-linux-gnu/libdl-2.19.so
7efee1d9f000-7efee1db4000 r-xp 00000000 08:05 3945331                    /usr/lib/jvm/java-8-oracle/lib/amd64/jli/libjli.so
7efee1db4000-7efee1fb4000 ---p 00015000 08:05 3945331                    /usr/lib/jvm/java-8-oracle/lib/amd64/jli/libjli.so
7efee1fb4000-7efee1fb5000 rw-p 00015000 08:05 3945331                    /usr/lib/jvm/java-8-oracle/lib/amd64/jli/libjli.so
7efee1fb5000-7efee1fce000 r-xp 00000000 08:05 1310812                    /lib/x86_64-linux-gnu/libpthread-2.19.so
7efee1fce000-7efee21cd000 ---p 00019000 08:05 1310812                    /lib/x86_64-linux-gnu/libpthread-2.19.so
7efee21cd000-7efee21ce000 r--p 00018000 08:05 1310812                    /lib/x86_64-linux-gnu/libpthread-2.19.so
7efee21ce000-7efee21cf000 rw-p 00019000 08:05 1310812                    /lib/x86_64-linux-gnu/libpthread-2.19.so
7efee21cf000-7efee21d3000 rw-p 00000000 00:00 0 
7efee21d3000-7efee21f6000 r-xp 00000000 08:05 1310813                    /lib/x86_64-linux-gnu/ld-2.19.so
7efee21fa000-7efee22d3000 rw-p 00000000 00:00 0 
7efee22d3000-7efee22d6000 ---p 00000000 00:00 0 
7efee22d6000-7efee23d8000 rw-p 00000000 00:00 0 
7efee23d9000-7efee23da000 rw-p 00000000 00:00 0 
7efee23da000-7efee23e9000 r--s 000df000 08:05 789695                     /home/nganguyent/Documents/DeveloperTools/Sdk_linux/build-tools/23.0.3/lib/dx.jar
7efee23e9000-7efee23f1000 rw-s 00000000 08:05 6297071                    /tmp/hsperfdata_nganguyent/4367
7efee23f1000-7efee23f2000 rw-p 00000000 00:00 0 
7efee23f2000-7efee23f3000 ---p 00000000 00:00 0 
7efee23f3000-7efee23f5000 rw-p 00000000 00:00 0 
7efee23f5000-7efee23f6000 r--p 00022000 08:05 1310813                    /lib/x86_64-linux-gnu/ld-2.19.so
7efee23f6000-7efee23f7000 rw-p 00023000 08:05 1310813                    /lib/x86_64-linux-gnu/ld-2.19.so
7efee23f7000-7efee23f8000 rw-p 00000000 00:00 0 
7fffbc459000-7fffbc47a000 rw-p 00000000 00:00 0                          [stack]
7fffbc4af000-7fffbc4b1000 r--p 00000000 00:00 0                          [vvar]
7fffbc4b1000-7fffbc4b3000 r-xp 00000000 00:00 0                          [vdso]
ffffffffff600000-ffffffffff601000 r-xp 00000000 00:00 0                  [vsyscall]

VM Arguments:
jvm_args: -Djava.awt.headless=true -Xmx1024M -Dfile.encoding=UTF-8 -Duser.country=US -Duser.language=en -Duser.variant 
java_command: com.android.dx.command.Main --dex --force-jumbo --num-threads=4 --multi-dex --output /home/nganguyent/Documents/android/Example/GoogleChat/friendlychat-master/android-start/app/build/intermediates/transforms/dex/debug/folders/1000/10/com.google.android.gms-play-services-ads-9.0.0_a031cb5977faec76556006b6d7674e6476bcb158 /home/nganguyent/Documents/android/Example/GoogleChat/friendlychat-master/android-start/app/build/intermediates/exploded-aar/com.google.android.gms/play-services-ads/9.0.0/jars/classes.jar
java_class_path (initial): /home/nganguyent/Documents/DeveloperTools/Sdk_linux/build-tools/23.0.3/lib/dx.jar
Launcher Type: SUN_STANDARD

Environment Variables:
JAVA_HOME=/usr/lib/jvm/java-8-oracle
PATH=/usr/local/sbin:/usr/local/bin:/usr/sbin:/usr/bin:/sbin:/bin:/usr/games:/usr/local/games:/usr/lib/jvm/java-8-oracle/bin:/usr/lib/jvm/java-8-oracle/db/bin:/usr/lib/jvm/java-8-oracle/jre/bin
SHELL=/bin/bash
DISPLAY=:0

Signal Handlers:
SIGSEGV: [libjvm.so+0xabca10], sa_mask[0]=11111111011111111101111111111110, sa_flags=SA_RESTART|SA_SIGINFO
SIGBUS: [libjvm.so+0xabca10], sa_mask[0]=11111111011111111101111111111110, sa_flags=SA_RESTART|SA_SIGINFO
SIGFPE: [libjvm.so+0x919a20], sa_mask[0]=11111111011111111101111111111110, sa_flags=SA_RESTART|SA_SIGINFO
SIGPIPE: [libjvm.so+0x919a20], sa_mask[0]=11111111011111111101111111111110, sa_flags=SA_RESTART|SA_SIGINFO
SIGXFSZ: [libjvm.so+0x919a20], sa_mask[0]=11111111011111111101111111111110, sa_flags=SA_RESTART|SA_SIGINFO
SIGILL: [libjvm.so+0x919a20], sa_mask[0]=11111111011111111101111111111110, sa_flags=SA_RESTART|SA_SIGINFO
SIGUSR1: SIG_DFL, sa_mask[0]=00000000000000000000000000000000, sa_flags=none
SIGUSR2: [libjvm.so+0x91b050], sa_mask[0]=00100000000000000000000000000000, sa_flags=SA_RESTART|SA_SIGINFO
SIGHUP: [libjvm.so+0x91c450], sa_mask[0]=11111111011111111101111111111110, sa_flags=SA_RESTART|SA_SIGINFO
SIGINT: [libjvm.so+0x91c450], sa_mask[0]=11111111011111111101111111111110, sa_flags=SA_RESTART|SA_SIGINFO
SIGTERM: [libjvm.so+0x91c450], sa_mask[0]=11111111011111111101111111111110, sa_flags=SA_RESTART|SA_SIGINFO
SIGQUIT: [libjvm.so+0x91c450], sa_mask[0]=11111111011111111101111111111110, sa_flags=SA_RESTART|SA_SIGINFO


---------------  S Y S T E M  ---------------

OS:DISTRIB_ID=Ubuntu
DISTRIB_RELEASE=14.04
DISTRIB_CODENAME=trusty
DISTRIB_DESCRIPTION="Ubuntu 14.04.4 LTS"

uname:Linux 4.2.0-41-generic #48~14.04.1-Ubuntu SMP Fri Jun 24 17:09:15 UTC 2016 x86_64
libc:glibc 2.19 NPTL 2.19 
rlimit: STACK 8192k, CORE 0k, NPROC 30608, NOFILE 4096, AS infinity
load average:74,72 81,54 78,40

/proc/meminfo:
MemTotal:        7857956 kB
MemFree:          127032 kB
MemAvailable:      93660 kB
Buffers:            1616 kB
Cached:          1228412 kB
SwapCached:            0 kB
Active:          6411920 kB
Inactive:        1088424 kB
Active(anon):    6385776 kB
Inactive(anon):  1059840 kB
Active(file):      26144 kB
Inactive(file):    28584 kB
Unevictable:          92 kB
Mlocked:              92 kB
SwapTotal:             0 kB
SwapFree:              0 kB
Dirty:               360 kB
Writeback:             0 kB
AnonPages:       6270548 kB
Mapped:           369904 kB
Shmem:           1175160 kB
Slab:             102720 kB
SReclaimable:      47468 kB
SUnreclaim:        55252 kB
KernelStack:       12672 kB
PageTables:        58796 kB
NFS_Unstable:          0 kB
Bounce:                0 kB
WritebackTmp:          0 kB
CommitLimit:     3928976 kB
Committed_AS:   13838672 kB
VmallocTotal:   34359738367 kB
VmallocUsed:      358800 kB
VmallocChunk:   34358947836 kB
HardwareCorrupted:     0 kB
AnonHugePages:   2873344 kB
CmaTotal:              0 kB
CmaFree:               0 kB
HugePages_Total:       0
HugePages_Free:        0
HugePages_Rsvd:        0
HugePages_Surp:        0
Hugepagesize:       2048 kB
DirectMap4k:      380540 kB
DirectMap2M:     7686144 kB


CPU:total 4 (4 cores per cpu, 1 threads per core) family 6 model 58 stepping 9, cmov, cx8, fxsr, mmx, sse, sse2, sse3, ssse3, sse4.1, sse4.2, popcnt, avx, aes, clmul, erms, tsc, tscinvbit, tscinv

/proc/cpuinfo:
processor	: 0
vendor_id	: GenuineIntel
cpu family	: 6
model		: 58
model name	: Intel(R) Core(TM) i5-3330 CPU @ 3.00GHz
stepping	: 9
microcode	: 0x17
cpu MHz		: 1795.664
cache size	: 6144 KB
physical id	: 0
siblings	: 4
core id		: 0
cpu cores	: 4
apicid		: 0
initial apicid	: 0
fpu		: yes
fpu_exception	: yes
cpuid level	: 13
wp		: yes
flags		: fpu vme de pse tsc msr pae mce cx8 apic sep mtrr pge mca cmov pat pse36 clflush dts acpi mmx fxsr sse sse2 ss ht tm pbe syscall nx rdtscp lm constant_tsc arch_perfmon pebs bts rep_good nopl xtopology nonstop_tsc aperfmperf eagerfpu pni pclmulqdq dtes64 monitor ds_cpl vmx est tm2 ssse3 cx16 xtpr pdcm pcid sse4_1 sse4_2 x2apic popcnt tsc_deadline_timer aes xsave avx f16c rdrand lahf_lm ida arat epb pln pts dtherm tpr_shadow vnmi flexpriority ept vpid fsgsbase smep erms xsaveopt
bugs		:
bogomips	: 5999.96
clflush size	: 64
cache_alignment	: 64
address sizes	: 36 bits physical, 48 bits virtual
power management:

processor	: 1
vendor_id	: GenuineIntel
cpu family	: 6
model		: 58
model name	: Intel(R) Core(TM) i5-3330 CPU @ 3.00GHz
stepping	: 9
microcode	: 0x17
cpu MHz		: 1698.750
cache size	: 6144 KB
physical id	: 0
siblings	: 4
core id		: 1
cpu cores	: 4
apicid		: 2
initial apicid	: 2
fpu		: yes
fpu_exception	: yes
cpuid level	: 13
wp		: yes
flags		: fpu vme de pse tsc msr pae mce cx8 apic sep mtrr pge mca cmov pat pse36 clflush dts acpi mmx fxsr sse sse2 ss ht tm pbe syscall nx rdtscp lm constant_tsc arch_perfmon pebs bts rep_good nopl xtopology nonstop_tsc aperfmperf eagerfpu pni pclmulqdq dtes64 monitor ds_cpl vmx est tm2 ssse3 cx16 xtpr pdcm pcid sse4_1 sse4_2 x2apic popcnt tsc_deadline_timer aes xsave avx f16c rdrand lahf_lm ida arat epb pln pts dtherm tpr_shadow vnmi flexpriority ept vpid fsgsbase smep erms xsaveopt
bugs		:
bogomips	: 5999.96
clflush size	: 64
cache_alignment	: 64
address sizes	: 36 bits physical, 48 bits virtual
power management:

processor	: 2
vendor_id	: GenuineIntel
cpu family	: 6
model		: 58
model name	: Intel(R) Core(TM) i5-3330 CPU @ 3.00GHz
stepping	: 9
microcode	: 0x17
cpu MHz		: 1789.921
cache size	: 6144 KB
physical id	: 0
siblings	: 4
core id		: 2
cpu cores	: 4
apicid		: 4
initial apicid	: 4
fpu		: yes
fpu_exception	: yes
cpuid level	: 13
wp		: yes
flags		: fpu vme de pse tsc msr pae mce cx8 apic sep mtrr pge mca cmov pat pse36 clflush dts acpi mmx fxsr sse sse2 ss ht tm pbe syscall nx rdtscp lm constant_tsc arch_perfmon pebs bts rep_good nopl xtopology nonstop_tsc aperfmperf eagerfpu pni pclmulqdq dtes64 monitor ds_cpl vmx est tm2 ssse3 cx16 xtpr pdcm pcid sse4_1 sse4_2 x2apic popcnt tsc_deadline_timer aes xsave avx f16c rdrand lahf_lm ida arat epb pln pts dtherm tpr_shadow vnmi flexpriority ept vpid fsgsbase smep erms xsaveopt
bugs		:
bogomips	: 5999.96
clflush size	: 64
cache_alignment	: 64
address sizes	: 36 bits physical, 48 bits virtual
power management:

processor	: 3
vendor_id	: GenuineIntel
cpu family	: 6
model		: 58
model name	: Intel(R) Core(TM) i5-3330 CPU @ 3.00GHz
stepping	: 9
microcode	: 0x17
cpu MHz		: 1719.492
cache size	: 6144 KB
physical id	: 0
siblings	: 4
core id		: 3
cpu cores	: 4
apicid		: 6
initial apicid	: 6
fpu		: yes
fpu_exception	: yes
cpuid level	: 13
wp		: yes
flags		: fpu vme de pse tsc msr pae mce cx8 apic sep mtrr pge mca cmov pat pse36 clflush dts acpi mmx fxsr sse sse2 ss ht tm pbe syscall nx rdtscp lm constant_tsc arch_perfmon pebs bts rep_good nopl xtopology nonstop_tsc aperfmperf eagerfpu pni pclmulqdq dtes64 monitor ds_cpl vmx est tm2 ssse3 cx16 xtpr pdcm pcid sse4_1 sse4_2 x2apic popcnt tsc_deadline_timer aes xsave avx f16c rdrand lahf_lm ida arat epb pln pts dtherm tpr_shadow vnmi flexpriority ept vpid fsgsbase smep erms xsaveopt
bugs		:
bogomips	: 5999.96
clflush size	: 64
cache_alignment	: 64
address sizes	: 36 bits physical, 48 bits virtual
power management:



Memory: 4k page, physical 7857956k(127032k free), swap 0k(0k free)

vm_info: Java HotSpot(TM) 64-Bit Server VM (25.91-b14) for linux-amd64 JRE (1.8.0_91-b14), built on Apr  1 2016 00:57:21 by "java_re" with gcc 4.3.0 20080428 (Red Hat 4.3.0-8)

time: Wed Jul  6 12:28:43 2016
elapsed time: 525 seconds (0d 0h 8m 45s)

